<?xml version="1.0" encoding="UTF-8"?>
<!-- Generated by org.testng.reporters.JUnitReportReporter -->
<testsuite hostname="komal-VirtualBox" failures="0" tests="1" name="Tests.extendReport" time="16.325" errors="0" timestamp="6 May 2022 11:31:38 GMT">
  <testcase classname="Tests.extendReport" name="extentReportsDemo" time="16.325"/>
</testsuite> <!-- Tests.extendReport -->
